
[2025-10-02 12:36:50] ❌ FAILED
From: team@cuvette.tech
Subject: Fullstack Development & Data Science Placement Guarantee | Important Update
Message Preview: 🚨 URGENT Notification
From: team@cuvette.tech
Subject: Fullstack Development & Data Science Placement Guarantee | Important Update

Fullstack Development & Data Science Placement Guarantee | Important...
============================================================

[2025-10-02 12:38:53] ❌ FAILED
From: noreply@glassdoor.com
Subject: New jobs in Remote, India. Apply Now.
Message Preview: 🚨 URGENT Notification
From: noreply@glassdoor.com
Subject: New jobs in Remote, India. Apply Now.

Essential Lending, Inc. is hiring ‌​‍‎‏﻿ ‌​‍‎‏﻿ ‌​‍‎‏﻿ ‌​‍‎‏﻿ ‌​‍‎‏﻿ ‌​‍‎‏﻿ ‌​‍‎‏﻿ ‌​‍‎‏﻿ ‌​‍‎‏﻿ ‌​‍‎‏...
============================================================

[2025-10-02 13:22:42] SUCCESS
From: noreply@glassdoor.com
Subject: Software Engineer - Intern at Windowmaker Software Pvt Ltd and 10
 more jobs in India for you. Apply Now.
Message Preview: [IMPORTANT EMAIL]
From: noreply@glassdoor.com
Subject: Software Engineer - Intern at Windowmaker Sof...
============================================================

[2025-10-02 13:24:11] FAILED
From: noreply@glassdoor.com
Subject: Full Stack Engineer at ALIQAN Services and 7 more jobs in Remote,
 India for you. Apply Now.
Message Preview: [IMPORTANT EMAIL]
From: noreply@glassdoor.com
Subject: Full Stack Engineer at ALIQAN Services and 7 ...
============================================================

[2025-10-02 13:59:46] SUCCESS
From: alert@jobsalert.shine.com
Subject: Vikas, Highlight your Application
Message Preview: [IMPORTANT EMAIL]
From: alert@jobsalert.shine.com
Subject: Vikas, Highlight your Application

shine ...
============================================================

[2025-10-02 14:31:46] SUCCESS
From: no-reply@screener.in
Subject: Screener.in - Watchlist updates
Message Preview: [Email Notification]
From: no-reply@screener.in
Subject: Screener.in - Watchlist updates

Latest Upd...
============================================================

[2025-10-02 14:34:10] SUCCESS
From: noreply@glassdoor.com
Subject: Python Engineer at Kelp Infotech Private Limited and 11 more jobs in
 Remote, India for you. Apply Now.
Message Preview: [IMPORTANT EMAIL]
From: noreply@glassdoor.com
Subject: Python Engineer at Kelp Infotech Private Limi...
============================================================

[2025-10-02 14:36:33] SUCCESS
From: noreply@glassdoor.com
Subject: React Developer at TECH NEXT and 5 more jobs in Remote, India for
 you. Apply Now.
Message Preview: [IMPORTANT EMAIL]
From: noreply@glassdoor.com
Subject: React Developer at TECH NEXT and 5 more jobs ...
============================================================

[2025-10-02 14:38:07] FAILED
From: info@hacktoberfest.com
Subject: You’re registered for Hacktoberfest 2025
Message Preview: [Email Notification]
From: info@hacktoberfest.com
Subject: You’re registered for Hacktoberfest 2025
...
============================================================
[14:45:44] SUCCESS - noreply@github.com - [GitHub] A third-party OAuth application has been ...
[14:47:43] SUCCESS - recruiters@jobs.shine.com - Vikas,You're a top applicant for MIS Executive(com...
[14:51:05] SUCCESS - noreply@glassdoor.com - Web Developer at Secure Steps Ltd and 12 more jobs...

[2025-10-02 14:57:55] SUCCESS
From: noreply@glassdoor.com
Subject: Accenture and others are hiring in Navi Mumbai. Apply Now.
Message Preview: [IMPORTANT EMAIL]
From: noreply@glassdoor.com
Subject: Accenture and others are hiring in Navi Mumba...
============================================================

[2025-10-02 14:59:54] SUCCESS
From: noreply@glassdoor.com
Subject: Junior Software Developer at 8848 Digital llp and 12 more jobs in
 Mumbai for you. Apply Now.
Message Preview: [IMPORTANT EMAIL]
From: noreply@glassdoor.com
Subject: Junior Software Developer at 8848 Digital llp...
============================================================
